{"C:\\Users\\asus\\Downloads\\todo-api-lab-ci\\app.js": {"path":"C:\\Users\\asus\\Downloads\\todo-api-lab-ci\\app.js","statementMap":{"0":{"start":{"line":1,"column":16},"end":{"line":1,"column":34}},"1":{"start":{"line":2,"column":19},"end":{"line":2,"column":41}},"2":{"start":{"line":3,"column":12},"end":{"line":3,"column":21}},"3":{"start":{"line":5,"column":0},"end":{"line":5,"column":27}},"4":{"start":{"line":7,"column":12},"end":{"line":7,"column":14}},"5":{"start":{"line":8,"column":16},"end":{"line":8,"column":17}},"6":{"start":{"line":10,"column":0},"end":{"line":12,"column":3}},"7":{"start":{"line":11,"column":2},"end":{"line":11,"column":30}},"8":{"start":{"line":14,"column":0},"end":{"line":21,"column":3}},"9":{"start":{"line":15,"column":20},"end":{"line":15,"column":28}},"10":{"start":{"line":16,"column":2},"end":{"line":16,"column":74}},"11":{"start":{"line":16,"column":14},"end":{"line":16,"column":74}},"12":{"start":{"line":18,"column":18},"end":{"line":18,"column":44}},"13":{"start":{"line":19,"column":2},"end":{"line":19,"column":22}},"14":{"start":{"line":20,"column":2},"end":{"line":20,"column":32}},"15":{"start":{"line":23,"column":0},"end":{"line":23,"column":21}},"16":{"start":{"line":25,"column":0},"end":{"line":28,"column":1}},"17":{"start":{"line":26,"column":15},"end":{"line":26,"column":39}},"18":{"start":{"line":27,"column":2},"end":{"line":27,"column":72}},"19":{"start":{"line":27,"column":25},"end":{"line":27,"column":70}}},"fnMap":{"0":{"name":"(anonymous_0)","decl":{"start":{"line":10,"column":18},"end":{"line":10,"column":19}},"loc":{"start":{"line":10,"column":32},"end":{"line":12,"column":1}},"line":10},"1":{"name":"(anonymous_1)","decl":{"start":{"line":14,"column":19},"end":{"line":14,"column":20}},"loc":{"start":{"line":14,"column":33},"end":{"line":21,"column":1}},"line":14},"2":{"name":"(anonymous_2)","decl":{"start":{"line":27,"column":19},"end":{"line":27,"column":20}},"loc":{"start":{"line":27,"column":25},"end":{"line":27,"column":70}},"line":27}},"branchMap":{"0":{"loc":{"start":{"line":16,"column":2},"end":{"line":16,"column":74}},"type":"if","locations":[{"start":{"line":16,"column":2},"end":{"line":16,"column":74}},{"start":{},"end":{}}],"line":16},"1":{"loc":{"start":{"line":25,"column":0},"end":{"line":28,"column":1}},"type":"if","locations":[{"start":{"line":25,"column":0},"end":{"line":28,"column":1}},{"start":{},"end":{}}],"line":25},"2":{"loc":{"start":{"line":26,"column":15},"end":{"line":26,"column":39}},"type":"binary-expr","locations":[{"start":{"line":26,"column":15},"end":{"line":26,"column":31}},{"start":{"line":26,"column":35},"end":{"line":26,"column":39}}],"line":26}},"s":{"0":1,"1":1,"2":1,"3":1,"4":1,"5":1,"6":1,"7":1,"8":1,"9":1,"10":1,"11":0,"12":1,"13":1,"14":1,"15":1,"16":1,"17":0,"18":0,"19":0},"f":{"0":1,"1":1,"2":0},"b":{"0":[0,1],"1":[0,1],"2":[0,0]},"_coverageSchema":"1a1c01bbd47fc00a2c39e90264f33305004495a9","hash":"bde2ac24aefdc4cf3de300b5ac82ee75c6136a4d"}
}
